<?xml version="1.0" encoding="UTF-8"?>
<testsuite name="com.kitehybrid.platform.SafetyConfigurationTest" tests="2" skipped="0" failures="0" errors="0" timestamp="2026-09-19T09:07:02.087Z" hostname="DESKTOP-0GGQORP" time="0.065">
  <properties/>
  <testcase name="missingConfigurationDefaultsSafe()" classname="com.kitehybrid.platform.SafetyConfigurationTest" time="0.028"/>
  <testcase name="liveFlagOrLiveModeOrInvalidModePreventsStartup()" classname="com.kitehybrid.platform.SafetyConfigurationTest" time="0.037"/>
  <system-out><![CDATA[{"@timestamp":"2026-09-19T14:37:02.1252674+05:30","@version":"1","message":"Exception encountered during context initialization - cancelling refresh attempt: org.springframework.boot.context.properties.ConfigurationPropertiesBindException: Error creating bean with name 'trading-com.kitehybrid.platform.config.TradingProperties': Could not bind properties to 'TradingProperties' : prefix=trading, ignoreInvalidFields=false, ignoreUnknownFields=true","logger_name":"org.springframework.context.annotation.AnnotationConfigApplicationContext","thread_name":"Test worker","level":"WARN","level_value":30000}
{"@timestamp":"2026-09-19T14:37:02.1382741+05:30","@version":"1","message":"Exception encountered during context initialization - cancelling refresh attempt: org.springframework.boot.context.properties.ConfigurationPropertiesBindException: Error creating bean with name 'trading-com.kitehybrid.platform.config.TradingProperties': Could not bind properties to 'TradingProperties' : prefix=trading, ignoreInvalidFields=false, ignoreUnknownFields=true","logger_name":"org.springframework.context.annotation.AnnotationConfigApplicationContext","thread_name":"Test worker","level":"WARN","level_value":30000}
{"@timestamp":"2026-09-19T14:37:02.1516306+05:30","@version":"1","message":"Exception encountered during context initialization - cancelling refresh attempt: org.springframework.boot.context.properties.ConfigurationPropertiesBindException: Error creating bean with name 'trading-com.kitehybrid.platform.config.TradingProperties': Could not bind properties to 'TradingProperties' : prefix=trading, ignoreInvalidFields=false, ignoreUnknownFields=true","logger_name":"org.springframework.context.annotation.AnnotationConfigApplicationContext","thread_name":"Test worker","level":"WARN","level_value":30000}
]]></system-out>
  <system-err><![CDATA[]]></system-err>
</testsuite>
